
> dashboard@1.0.0 server
> export NODE_ENV=production && sudo -E "$(which node)" app.js

mongo connected
Server listening port 80
Server listening port 443

> dashboard@1.0.0 server
> export NODE_ENV=production && sudo -E "$(which node)" app.js

mongo connected
Server listening port 80
Server listening port 443

> dashboard@1.0.0 server
> export NODE_ENV=production && sudo -E "$(which node)" app.js

mongo connected
Server listening port 80
Server listening port 443
mongo connected
node:events:491
      throw er; // Unhandled 'error' event
      ^

Error: listen EADDRINUSE: address already in use :::80
    at Server.setupListenHandle [as _listen2] (node:net:1485:16)
    at listenInCluster (node:net:1533:12)
    at Server.listen (node:net:1621:7)
    at start (/home/mihago/dashboard/app.js:28:32)
    at process.processTicksAndRejections (node:internal/process/task_queues:95:5)
Emitted 'error' event on Server instance at:
    at emitErrorNT (node:net:1512:8)
    at process.processTicksAndRejections (node:internal/process/task_queues:82:21) {
  code: 'EADDRINUSE',
  errno: -98,
  syscall: 'listen',
  address: '::',
  port: 80
}

Node.js v18.10.0
mongo connected
node:events:491
      throw er; // Unhandled 'error' event
      ^

Error: listen EADDRINUSE: address already in use :::80
    at Server.setupListenHandle [as _listen2] (node:net:1485:16)
    at listenInCluster (node:net:1533:12)
    at Server.listen (node:net:1621:7)
    at start (/home/mihago/dashboard/app.js:28:32)
    at process.processTicksAndRejections (node:internal/process/task_queues:95:5)
Emitted 'error' event on Server instance at:
    at emitErrorNT (node:net:1512:8)
    at process.processTicksAndRejections (node:internal/process/task_queues:82:21) {
  code: 'EADDRINUSE',
  errno: -98,
  syscall: 'listen',
  address: '::',
  port: 80
}

Node.js v18.10.0

> dashboard@1.0.0 server
> export NODE_ENV=production && sudo -E  "$(which node)" app.js &

mongo connected
Server listening port 80
Server listening port 443

> dashboard@1.0.0 server
> export NODE_ENV=production && sudo -E  "$(which node)" app.js &

mongo connected
Server listening port 80
Server listening port 443
[PM2] Applying action restartProcessId on app [app](ids: [ 0 ])
[PM2] [app](0) ✓
[PM2] Process successfully started
┌─────┬────────┬─────────────┬─────────┬─────────┬──────────┬────────┬──────┬───────────┬──────────┬──────────┬──────────┬──────────┐
│ id  │ name   │ namespace   │ version │ mode    │ pid      │ uptime │ ↺    │ status    │ cpu      │ mem      │ user     │ watching │
├─────┼────────┼─────────────┼─────────┼─────────┼──────────┼────────┼──────┼───────────┼──────────┼──────────┼──────────┼──────────┤
│ 0   │ app    │ default     │ 1.0.0   │ fork    │ 16786    │ 0s     │ 0    │ online    │ 0%       │ 18.6mb   │ mihago   │ disabled │
└─────┴────────┴─────────────┴─────────┴─────────┴──────────┴────────┴──────┴───────────┴──────────┴──────────┴──────────┴──────────┘
[PM2][ERROR] Script already launched, add -f option to force re-execution
